<?xml version="1.0" encoding="UTF-8"?>
<testng-results ignored="0" total="2" passed="2" failed="0" skipped="0">
  <reporter-output>
  </reporter-output>
  <suite started-at="2018-12-17T15:48:07Z" name="nopCommerce" finished-at="2018-12-17T15:49:47Z" duration-ms="100381">
    <groups>
    </groups>
    <test started-at="2018-12-17T15:48:07Z" name="Test1" finished-at="2018-12-17T15:49:47Z" duration-ms="100381">
      <class name="com.nopcommerce.testCases.TC_LoginTest_001">
        <test-method is-config="true" signature="setup(java.lang.String)[pri:0, instance:com.nopcommerce.testCases.TC_LoginTest_001@131774fe]" started-at="2018-12-17T15:48:08Z" name="setup" finished-at="2018-12-17T15:48:12Z" duration-ms="4370" status="PASS">
          <params>
            <param index="0">
              <value>
                <![CDATA[chrome]]>
              </value>
            </param>
          </params>
          <reporter-output>
          </reporter-output>
        </test-method> <!-- setup -->
        <test-method signature="loginTest()[pri:0, instance:com.nopcommerce.testCases.TC_LoginTest_001@131774fe]" started-at="2018-12-17T15:48:12Z" name="loginTest" finished-at="2018-12-17T15:48:54Z" duration-ms="41703" status="PASS">
          <reporter-output>
          </reporter-output>
        </test-method> <!-- loginTest -->
        <test-method is-config="true" signature="tearDown()[pri:0, instance:com.nopcommerce.testCases.TC_LoginTest_001@131774fe]" started-at="2018-12-17T15:48:54Z" name="tearDown" finished-at="2018-12-17T15:48:54Z" duration-ms="616" status="PASS">
          <reporter-output>
          </reporter-output>
        </test-method> <!-- tearDown -->
      </class> <!-- com.nopcommerce.testCases.TC_LoginTest_001 -->
      <class name="com.nopcommerce.testCases.TC_AddCustomerTest_003">
        <test-method is-config="true" signature="setup(java.lang.String)[pri:0, instance:com.nopcommerce.testCases.TC_AddCustomerTest_003@158d2680]" started-at="2018-12-17T15:48:54Z" name="setup" finished-at="2018-12-17T15:48:56Z" duration-ms="2126" status="PASS">
          <params>
            <param index="0">
              <value>
                <![CDATA[chrome]]>
              </value>
            </param>
          </params>
          <reporter-output>
          </reporter-output>
        </test-method> <!-- setup -->
        <test-method signature="addNewCustomer()[pri:0, instance:com.nopcommerce.testCases.TC_AddCustomerTest_003@158d2680]" started-at="2018-12-17T15:48:56Z" name="addNewCustomer" finished-at="2018-12-17T15:49:47Z" duration-ms="50387" status="PASS">
          <reporter-output>
          </reporter-output>
        </test-method> <!-- addNewCustomer -->
        <test-method is-config="true" signature="tearDown()[pri:0, instance:com.nopcommerce.testCases.TC_AddCustomerTest_003@158d2680]" started-at="2018-12-17T15:49:47Z" name="tearDown" finished-at="2018-12-17T15:49:47Z" duration-ms="674" status="PASS">
          <reporter-output>
          </reporter-output>
        </test-method> <!-- tearDown -->
      </class> <!-- com.nopcommerce.testCases.TC_AddCustomerTest_003 -->
    </test> <!-- Test1 -->
  </suite> <!-- nopCommerce -->
</testng-results>
